<?xml version="1.0" encoding="UTF-8"?>
<!-- Generated by org.testng.reporters.JUnitReportReporter -->
<testsuite hostname="LAPTOP-DI70JR4O" failures="0" tests="1" name="TestCases.SectionTestCases" time="6.982" errors="0" timestamp="2023-08-19T13:30:37 IST" skipped="0">
  <testcase classname="TestCases.SectionTestCases" name="sectionTest01" time="6.982"/>
  <system-out/>
</testsuite> <!-- TestCases.SectionTestCases -->
