<?xml version="1.0" encoding="UTF-8"?>
<!-- Generated by org.testng.reporters.JUnitReportReporter -->
<testsuite hostname="LAPTOP-DI70JR4O" failures="0" tests="1" name="TestCases.AddUsersTestCases" time="3.542" errors="0" timestamp="2023-07-18T12:38:04 IST" skipped="0">
  <testcase classname="TestCases.AddUsersTestCases" name="addUsersTc_01" time="3.542"/>
  <system-out/>
</testsuite> <!-- TestCases.AddUsersTestCases -->
