<?xml version="1.0" encoding="UTF-8"?>
<!-- Generated by org.testng.reporters.JUnitReportReporter -->
<testsuite hostname="LAPTOP-DI70JR4O" failures="0" tests="1" name="TestCases.ListOfResidentsTC" time="9.634" errors="0" timestamp="2023-08-19T12:54:24 IST" skipped="0">
  <testcase classname="TestCases.ListOfResidentsTC" name="ListOfResidentTc01" time="9.634"/>
  <system-out/>
</testsuite> <!-- TestCases.ListOfResidentsTC -->
