<?xml version="1.0" encoding="UTF-8"?>
<!-- Generated by org.testng.reporters.JUnitReportReporter -->
<testsuite hostname="LAPTOP-DI70JR4O" failures="0" tests="1" name="TestCases.ListOfTenantsTc" time="12.110" errors="0" timestamp="2023-08-19T13:02:46 IST" skipped="0">
  <testcase classname="TestCases.ListOfTenantsTc" name="ListOfTenantsTC_01" time="12.110"/>
  <system-out/>
</testsuite> <!-- TestCases.ListOfTenantsTc -->
