<?xml version="1.0" encoding="UTF-8"?>
<!-- Generated by org.testng.reporters.JUnitReportReporter -->
<testsuite hostname="LAPTOP-DI70JR4O" failures="0" tests="5" name="TestCases.loginTC" time="15.571" errors="0" timestamp="2023-08-17T15:07:44 IST" skipped="4">
  <testcase classname="TestCases.loginTC" name="loginWithValidCredential" time="15.571"/>
  <system-out/>
  <testcase classname="TestCases.loginTC" name="loginWithBlankPassword">
    <skipped/>
  </testcase> <!-- loginWithBlankPassword -->
  <system-out/>
  <testcase classname="TestCases.loginTC" name="loginWithBlankUsername">
    <skipped/>
  </testcase> <!-- loginWithBlankUsername -->
  <system-out/>
  <testcase classname="TestCases.loginTC" name="loginWithInvalidCredential">
    <skipped/>
  </testcase> <!-- loginWithInvalidCredential -->
  <system-out/>
  <testcase classname="TestCases.loginTC" name="loginWithBlankUsernamePassword">
    <skipped/>
  </testcase> <!-- loginWithBlankUsernamePassword -->
  <system-out/>
</testsuite> <!-- TestCases.loginTC -->
