<?xml version="1.0" encoding="UTF-8"?>
<!-- Generated by org.testng.reporters.JUnitReportReporter -->
<testsuite hostname="LAPTOP-DI70JR4O" failures="0" tests="1" name="TestCases.ListOfExpensesTC" time="17.578" errors="0" timestamp="2023-08-19T12:48:57 IST" skipped="0">
  <testcase classname="TestCases.ListOfExpensesTC" name="ListOfExpensesTC_01" time="17.578"/>
  <system-out/>
</testsuite> <!-- TestCases.ListOfExpensesTC -->
